0 info it worked if it ends with ok
1 verbose cli [ '/usr/bin/node', '/usr/bin/npm', 'install', '-g', 'express' ]
2 info using npm@1.4.29
3 info using node@v0.10.42
4 verbose node symlink /usr/bin/node
5 warn deprecated This version of npm lacks support for important features,
6 warn deprecated such as scoped packages, offered by the primary npm
7 warn deprecated registry. Consider upgrading to at least npm@2, if not the
8 warn deprecated latest stable version. To upgrade to npm@2, run:
9 warn deprecated npm -g install npm@latest-2
10 warn deprecated To upgrade to the latest stable version, run:
11 warn deprecated npm -g install npm@latest
12 warn deprecated (Depending on how Node.js was installed on your system, you
13 warn deprecated may need to prefix the preceding commands with `sudo`, or if
14 warn deprecated on Windows, run them from an Administrator prompt.)
15 warn deprecated If you're running the version of npm bundled with
16 warn deprecated Node.js 0.10 LTS, be aware that the next version of 0.10 LTS
17 warn deprecated will be bundled with a version of npm@2, which has some small
18 warn deprecated backwards-incompatible changes made to `npm run-script` and
19 warn deprecated semver behavior.
20 verbose cache add [ 'express', null ]
21 verbose cache add name=undefined spec="express" args=["express",null]
22 verbose parsed url { protocol: null,
22 verbose parsed url   slashes: null,
22 verbose parsed url   auth: null,
22 verbose parsed url   host: null,
22 verbose parsed url   port: null,
22 verbose parsed url   hostname: null,
22 verbose parsed url   hash: null,
22 verbose parsed url   search: null,
22 verbose parsed url   query: null,
22 verbose parsed url   pathname: 'express',
22 verbose parsed url   path: 'express',
22 verbose parsed url   href: 'express' }
23 silly lockFile f3c62de4-express express
24 verbose lock express /home/hunter_lin/.npm/f3c62de4-express.lock
25 silly lockFile f3c62de4-express express
26 silly lockFile f3c62de4-express express
27 verbose addNamed [ 'express', '' ]
28 verbose addNamed [ null, '*' ]
29 silly lockFile 64a534c1-express express@
30 verbose lock express@ /home/hunter_lin/.npm/64a534c1-express.lock
31 silly addNameRange { name: 'express', range: '*', hasData: false }
32 verbose request where is /express
33 verbose request registry https://registry.npmjs.org/
34 verbose request id 8a31ac737be35ef4
35 verbose url raw /express
36 verbose url resolving [ 'https://registry.npmjs.org/', './express' ]
37 verbose url resolved https://registry.npmjs.org/express
38 verbose request where is https://registry.npmjs.org/express
39 info trying registry request attempt 1 at 21:50:16
40 http GET https://registry.npmjs.org/express
41 http 200 https://registry.npmjs.org/express
42 silly registry.get cb [ 200,
42 silly registry.get   { server: 'CouchDB/1.5.0 (Erlang OTP/R16B03)',
42 silly registry.get     etag: '"BNVGL49D7M84EYX1SQOYLTUTK"',
42 silly registry.get     'content-type': 'application/json',
42 silly registry.get     'cache-control': 'max-age=300',
42 silly registry.get     'content-length': '534792',
42 silly registry.get     'accept-ranges': 'bytes',
42 silly registry.get     date: 'Mon, 14 Mar 2016 13:50:17 GMT',
42 silly registry.get     via: '1.1 varnish',
42 silly registry.get     age: '165',
42 silly registry.get     connection: 'keep-alive',
42 silly registry.get     'x-served-by': 'cache-sin6923-SIN',
42 silly registry.get     'x-cache': 'HIT',
42 silly registry.get     'x-cache-hits': '14',
42 silly registry.get     'x-timer': 'S1457963417.680603,VS0,VE0',
42 silly registry.get     vary: 'Accept' } ]
43 silly addNameRange number 2 { name: 'express', range: '*', hasData: true }
44 silly addNameRange versions [ 'express',
44 silly addNameRange   [ '0.14.0',
44 silly addNameRange     '0.14.1',
44 silly addNameRange     '1.0.0',
44 silly addNameRange     '1.0.1',
44 silly addNameRange     '1.0.2',
44 silly addNameRange     '1.0.3',
44 silly addNameRange     '1.0.4',
44 silly addNameRange     '1.0.5',
44 silly addNameRange     '1.0.6',
44 silly addNameRange     '1.0.7',
44 silly addNameRange     '1.0.8',
44 silly addNameRange     '2.0.0',
44 silly addNameRange     '2.1.0',
44 silly addNameRange     '2.1.1',
44 silly addNameRange     '2.2.0',
44 silly addNameRange     '2.2.1',
44 silly addNameRange     '2.2.2',
44 silly addNameRange     '2.3.0',
44 silly addNameRange     '2.3.1',
44 silly addNameRange     '2.3.2',
44 silly addNameRange     '2.3.3',
44 silly addNameRange     '2.3.4',
44 silly addNameRange     '2.3.5',
44 silly addNameRange     '2.3.6',
44 silly addNameRange     '2.3.7',
44 silly addNameRange     '2.3.8',
44 silly addNameRange     '2.3.9',
44 silly addNameRange     '2.3.10',
44 silly addNameRange     '2.3.11',
44 silly addNameRange     '2.3.12',
44 silly addNameRange     '2.4.0',
44 silly addNameRange     '2.4.1',
44 silly addNameRange     '2.4.2',
44 silly addNameRange     '2.4.3',
44 silly addNameRange     '2.4.4',
44 silly addNameRange     '2.4.5',
44 silly addNameRange     '2.4.6',
44 silly addNameRange     '2.4.7',
44 silly addNameRange     '2.5.0',
44 silly addNameRange     '2.5.1',
44 silly addNameRange     '2.5.2',
44 silly addNameRange     '2.5.3',
44 silly addNameRange     '2.5.4',
44 silly addNameRange     '2.5.5',
44 silly addNameRange     '2.5.6',
44 silly addNameRange     '2.5.7',
44 silly addNameRange     '2.5.8',
44 silly addNameRange     '2.5.9',
44 silly addNameRange     '2.5.10',
44 silly addNameRange     '2.5.11',
44 silly addNameRange     '3.0.0',
44 silly addNameRange     '3.0.1',
44 silly addNameRange     '3.0.2',
44 silly addNameRange     '3.0.3',
44 silly addNameRange     '3.0.4',
44 silly addNameRange     '3.0.5',
44 silly addNameRange     '3.0.6',
44 silly addNameRange     '3.1.0',
44 silly addNameRange     '3.1.1',
44 silly addNameRange     '3.1.2',
44 silly addNameRange     '3.2.0',
44 silly addNameRange     '3.2.1',
44 silly addNameRange     '3.2.2',
44 silly addNameRange     '3.2.3',
44 silly addNameRange     '3.2.4',
44 silly addNameRange     '3.2.5',
44 silly addNameRange     '3.2.6',
44 silly addNameRange     '3.3.0',
44 silly addNameRange     '3.3.1',
44 silly addNameRange     '3.3.2',
44 silly addNameRange     '3.3.3',
44 silly addNameRange     '3.3.4',
44 silly addNameRange     '3.3.5',
44 silly addNameRange     '3.3.6',
44 silly addNameRange     '1.0.0-beta',
44 silly addNameRange     '1.0.0-beta2',
44 silly addNameRange     '1.0.0-rc',
44 silly addNameRange     '1.0.0-rc2',
44 silly addNameRange     '1.0.0-rc3',
44 silly addNameRange     '1.0.0-rc4',
44 silly addNameRange     '2.0.0-beta',
44 silly addNameRange     '2.0.0-beta2',
44 silly addNameRange     '2.0.0-beta3',
44 silly addNameRange     '2.0.0-rc',
44 silly addNameRange     '2.0.0-rc2',
44 silly addNameRange     '2.0.0-rc3',
44 silly addNameRange     '3.0.0-alpha1',
44 silly addNameRange     '3.0.0-alpha2',
44 silly addNameRange     '3.0.0-alpha3',
44 silly addNameRange     '3.0.0-alpha4',
44 silly addNameRange     '3.0.0-alpha5',
44 silly addNameRange     '3.0.0-beta1',
44 silly addNameRange     '3.0.0-beta2',
44 silly addNameRange     '3.0.0-beta3',
44 silly addNameRange     '3.0.0-beta4',
44 silly addNameRange     '3.0.0-beta6',
44 silly addNameRange     '3.0.0-beta7',
44 silly addNameRange     '3.0.0-rc1',
44 silly addNameRange     '3.0.0-rc2',
44 silly addNameRange     '3.0.0-rc3',
44 silly addNameRange     '3.0.0-rc4',
44 silly addNameRange     '3.0.0-rc5',
44 silly addNameRange     '3.3.7',
44 silly addNameRange     '3.3.8',
44 silly addNameRange     '3.4.0',
44 silly addNameRange     '3.4.1',
44 silly addNameRange     '3.4.2',
44 silly addNameRange     '3.4.3',
44 silly addNameRange     '3.4.4',
44 silly addNameRange     '3.4.5',
44 silly addNameRange     '3.4.6',
44 silly addNameRange     '3.4.7',
44 silly addNameRange     '3.4.8',
44 silly addNameRange     '4.0.0-rc1',
44 silly addNameRange     '4.0.0-rc2',
44 silly addNameRange     '3.5.0',
44 silly addNameRange     '4.0.0-rc3',
44 silly addNameRange     '4.0.0-rc4',
44 silly addNameRange     '3.5.1',
44 silly addNameRange     '4.0.0',
44 silly addNameRange     '3.5.2',
44 silly addNameRange     '4.1.0',
44 silly addNameRange     '4.1.1',
44 silly addNameRange     '3.5.3',
44 silly addNameRange     '4.1.2',
44 silly addNameRange     '3.6.0',
44 silly addNameRange     '4.2.0',
44 silly addNameRange     '3.7.0',
44 silly addNameRange     '3.8.0',
44 silly addNameRange     '4.3.0',
44 silly addNameRange     '4.3.1',
44 silly addNameRange     '3.8.1',
44 silly addNameRange     '4.3.2',
44 silly addNameRange     '3.9.0',
44 silly addNameRange     '4.4.0',
44 silly addNameRange     '4.4.1',
44 silly addNameRange     '3.10.0',
44 silly addNameRange     '3.10.1',
44 silly addNameRange     '3.10.2',
44 silly addNameRange     '3.10.3',
44 silly addNameRange     '3.10.4',
44 silly addNameRange     '4.4.2',
44 silly addNameRange     '3.10.5',
44 silly addNameRange     '4.4.3',
44 silly addNameRange     '3.11.0',
44 silly addNameRange     '4.4.4',
44 silly addNameRange     '3.12.0',
44 silly addNameRange     '3.12.1',
44 silly addNameRange     '4.4.5',
44 silly addNameRange     '3.13.0',
44 silly addNameRange     '4.5.0',
44 silly addNameRange     '4.5.1',
44 silly addNameRange     '3.14.0',
44 silly addNameRange     '4.6.0',
44 silly addNameRange     '4.6.1',
44 silly addNameRange     '3.15.0',
44 silly addNameRange     '4.7.0',
44 silly addNameRange     '3.15.1',
44 silly addNameRange     '4.7.1',
44 silly addNameRange     '3.15.2',
44 silly addNameRange     '4.7.2',
44 silly addNameRange     '4.7.3',
44 silly addNameRange     '3.15.3',
44 silly addNameRange     '4.7.4',
44 silly addNameRange     '3.16.0',
44 silly addNameRange     '4.8.0',
44 silly addNameRange     '3.16.1',
44 silly addNameRange     '4.8.1',
44 silly addNameRange     '3.16.2',
44 silly addNameRange     '4.8.2',
44 silly addNameRange     '3.16.3',
44 silly addNameRange     '3.16.4',
44 silly addNameRange     '4.8.3',
44 silly addNameRange     '3.16.5',
44 silly addNameRange     '3.16.6',
44 silly addNameRange     '4.8.4',
44 silly addNameRange     '3.16.7',
44 silly addNameRange     '4.8.5',
44 silly addNameRange     '3.16.8',
44 silly addNameRange     '4.8.6',
44 silly addNameRange     '3.16.9',
44 silly addNameRange     '4.8.7',
44 silly addNameRange     '3.16.10',
44 silly addNameRange     '4.8.8',
44 silly addNameRange     '3.17.0',
44 silly addNameRange     '3.17.1',
44 silly addNameRange     '4.9.0',
44 silly addNameRange     '3.17.2',
44 silly addNameRange     '4.9.1',
44 silly addNameRange     '4.9.2',
44 silly addNameRange     '3.17.3',
44 silly addNameRange     '4.9.3',
44 silly addNameRange     '3.17.4',
44 silly addNameRange     '4.9.4',
44 silly addNameRange     '3.17.5',
44 silly addNameRange     '4.9.5',
44 silly addNameRange     '3.17.6',
44 silly addNameRange     '3.17.7',
44 silly addNameRange     '4.9.6',
44 silly addNameRange     '4.9.7',
44 silly addNameRange     '3.17.8',
44 silly addNameRange     '4.9.8',
44 silly addNameRange     '3.18.0',
44 silly addNameRange     '3.18.1',
44 silly addNameRange     '4.10.0',
44 silly addNameRange     '3.18.2',
44 silly addNameRange     '4.10.1',
44 silly addNameRange     '5.0.0-alpha.1',
44 silly addNameRange     '3.18.3',
44 silly addNameRange     '4.10.2',
44 silly addNameRange     '3.18.4',
44 silly addNameRange     '4.10.3',
44 silly addNameRange     '4.10.4',
44 silly addNameRange     '4.10.5',
44 silly addNameRange     '3.18.5',
44 silly addNameRange     '3.18.6',
44 silly addNameRange     '4.10.6',
44 silly addNameRange     '4.10.7',
44 silly addNameRange     '3.19.0',
44 silly addNameRange     '4.10.8',
44 silly addNameRange     '4.11.0',
44 silly addNameRange     '3.19.1',
44 silly addNameRange     '4.11.1',
44 silly addNameRange     '3.19.2',
44 silly addNameRange     '4.11.2',
44 silly addNameRange     '3.20.0',
44 silly addNameRange     '4.12.0',
44 silly addNameRange     '3.20.1',
44 silly addNameRange     '4.12.1',
44 silly addNameRange     '4.12.2',
44 silly addNameRange     '3.20.2',
44 silly addNameRange     '4.12.3',
44 silly addNameRange     '3.20.3',
44 silly addNameRange     '4.12.4',
44 silly addNameRange     '3.21.0',
44 silly addNameRange     '4.13.0',
44 silly addNameRange     '3.21.1',
44 silly addNameRange     '4.13.1',
44 silly addNameRange     '5.0.0-alpha.2',
44 silly addNameRange     '3.21.2',
44 silly addNameRange     '4.13.2',
44 silly addNameRange     '4.13.3',
44 silly addNameRange     '4.13.4' ] ]
45 verbose addNamed [ 'express', '4.13.4' ]
46 verbose addNamed [ '4.13.4', '4.13.4' ]
47 silly lockFile 23607823-express-4-13-4 express@4.13.4
48 verbose lock express@4.13.4 /home/hunter_lin/.npm/23607823-express-4-13-4.lock
49 silly lockFile 65e0249d-s-org-express-express-4-13-4-tgz https://registry.npmjs.org/express/-/express-4.13.4.tgz
50 verbose lock https://registry.npmjs.org/express/-/express-4.13.4.tgz /home/hunter_lin/.npm/65e0249d-s-org-express-express-4-13-4-tgz.lock
51 verbose addRemoteTarball [ 'https://registry.npmjs.org/express/-/express-4.13.4.tgz',
51 verbose addRemoteTarball   '3c0b76f3c77590c8345739061ec0bd3ba067ec24' ]
52 info retry fetch attempt 1 at 21:50:20
53 verbose fetch to= /tmp/npm-16129-gUv_rb0B/registry.npmjs.org/express/-/express-4.13.4.tgz
54 http GET https://registry.npmjs.org/express/-/express-4.13.4.tgz
55 http 200 https://registry.npmjs.org/express/-/express-4.13.4.tgz
56 silly lockFile 65e0249d-s-org-express-express-4-13-4-tgz https://registry.npmjs.org/express/-/express-4.13.4.tgz
57 silly lockFile 65e0249d-s-org-express-express-4-13-4-tgz https://registry.npmjs.org/express/-/express-4.13.4.tgz
58 silly lockFile 23607823-express-4-13-4 express@4.13.4
59 silly lockFile 23607823-express-4-13-4 express@4.13.4
60 silly lockFile 64a534c1-express express@
61 silly lockFile 64a534c1-express express@
62 silly resolved [ { name: 'express',
62 silly resolved     description: 'Fast, unopinionated, minimalist web framework',
62 silly resolved     version: '4.13.4',
62 silly resolved     author: { name: 'TJ Holowaychuk', email: 'tj@vision-media.ca' },
62 silly resolved     contributors:
62 silly resolved      [ [Object],
62 silly resolved        [Object],
62 silly resolved        [Object],
62 silly resolved        [Object],
62 silly resolved        [Object],
62 silly resolved        [Object],
62 silly resolved        [Object] ],
62 silly resolved     license: 'MIT',
62 silly resolved     repository: { type: 'git', url: 'https://github.com/expressjs/express' },
62 silly resolved     keywords:
62 silly resolved      [ 'express',
62 silly resolved        'framework',
62 silly resolved        'sinatra',
62 silly resolved        'web',
62 silly resolved        'rest',
62 silly resolved        'restful',
62 silly resolved        'router',
62 silly resolved        'app',
62 silly resolved        'api' ],
62 silly resolved     dependencies:
62 silly resolved      { accepts: '~1.2.12',
62 silly resolved        'array-flatten': '1.1.1',
62 silly resolved        'content-disposition': '0.5.1',
62 silly resolved        'content-type': '~1.0.1',
62 silly resolved        cookie: '0.1.5',
62 silly resolved        'cookie-signature': '1.0.6',
62 silly resolved        debug: '~2.2.0',
62 silly resolved        depd: '~1.1.0',
62 silly resolved        'escape-html': '~1.0.3',
62 silly resolved        etag: '~1.7.0',
62 silly resolved        finalhandler: '0.4.1',
62 silly resolved        fresh: '0.3.0',
62 silly resolved        'merge-descriptors': '1.0.1',
62 silly resolved        methods: '~1.1.2',
62 silly resolved        'on-finished': '~2.3.0',
62 silly resolved        parseurl: '~1.3.1',
62 silly resolved        'path-to-regexp': '0.1.7',
62 silly resolved        'proxy-addr': '~1.0.10',
62 silly resolved        qs: '4.0.0',
62 silly resolved        'range-parser': '~1.0.3',
62 silly resolved        send: '0.13.1',
62 silly resolved        'serve-static': '~1.10.2',
62 silly resolved        'type-is': '~1.6.6',
62 silly resolved        'utils-merge': '1.0.0',
62 silly resolved        vary: '~1.0.1' },
62 silly resolved     devDependencies:
62 silly resolved      { after: '0.8.1',
62 silly resolved        ejs: '2.3.4',
62 silly resolved        istanbul: '0.4.2',
62 silly resolved        marked: '0.3.5',
62 silly resolved        mocha: '2.3.4',
62 silly resolved        should: '7.1.1',
62 silly resolved        supertest: '1.1.0',
62 silly resolved        'body-parser': '~1.14.2',
62 silly resolved        'connect-redis': '~2.4.1',
62 silly resolved        'cookie-parser': '~1.4.1',
62 silly resolved        'cookie-session': '~1.2.0',
62 silly resolved        'express-session': '~1.13.0',
62 silly resolved        jade: '~1.11.0',
62 silly resolved        'method-override': '~2.3.5',
62 silly resolved        morgan: '~1.6.1',
62 silly resolved        multiparty: '~4.1.2',
62 silly resolved        vhost: '~3.0.1' },
62 silly resolved     engines: { node: '>= 0.10.0' },
62 silly resolved     files: [ 'LICENSE', 'History.md', 'Readme.md', 'index.js', 'lib/' ],
62 silly resolved     scripts:
62 silly resolved      { test: 'mocha --require test/support/env --reporter spec --bail --check-leaks test/ test/acceptance/',
62 silly resolved        'test-ci': 'istanbul cover node_modules/mocha/bin/_mocha --report lcovonly -- --require test/support/env --reporter spec --check-leaks test/ test/acceptance/',
62 silly resolved        'test-cov': 'istanbul cover node_modules/mocha/bin/_mocha -- --require test/support/env --reporter dot --check-leaks test/ test/acceptance/',
62 silly resolved        'test-tap': 'mocha --require test/support/env --reporter tap --check-leaks test/ test/acceptance/' },
62 silly resolved     gitHead: '193bed2649c55c1fd362e46cd4702c773f3e7434',
62 silly resolved     bugs: { url: 'https://github.com/expressjs/express/issues' },
62 silly resolved     homepage: 'https://github.com/expressjs/express',
62 silly resolved     _id: 'express@4.13.4',
62 silly resolved     _shasum: '3c0b76f3c77590c8345739061ec0bd3ba067ec24',
62 silly resolved     _from: 'express@',
62 silly resolved     _npmVersion: '1.4.28',
62 silly resolved     _npmUser: { name: 'dougwilson', email: 'doug@somethingdoug.com' },
62 silly resolved     maintainers: [ [Object] ],
62 silly resolved     dist:
62 silly resolved      { shasum: '3c0b76f3c77590c8345739061ec0bd3ba067ec24',
62 silly resolved        tarball: 'http://registry.npmjs.org/express/-/express-4.13.4.tgz' },
62 silly resolved     directories: {},
62 silly resolved     _resolved: 'https://registry.npmjs.org/express/-/express-4.13.4.tgz' } ]
63 info install express@4.13.4 into /usr/lib
64 info installOne express@4.13.4
65 verbose lib/node_modules/express unbuild
66 verbose tar unpack /home/hunter_lin/.npm/express/4.13.4/package.tgz
67 silly lockFile ce544511-tar-usr-lib-node-modules-express tar:///usr/lib/node_modules/express
68 verbose lock tar:///usr/lib/node_modules/express /home/hunter_lin/.npm/ce544511-tar-usr-lib-node-modules-express.lock
69 silly lockFile 0018f85d-n-npm-express-4-13-4-package-tgz tar:///home/hunter_lin/.npm/express/4.13.4/package.tgz
70 verbose lock tar:///home/hunter_lin/.npm/express/4.13.4/package.tgz /home/hunter_lin/.npm/0018f85d-n-npm-express-4-13-4-package-tgz.lock
71 silly gunzTarPerm modes [ '775', '664' ]
72 error Error: EACCES, mkdir '/usr/lib/node_modules/express'
72 error  { [Error: EACCES, mkdir '/usr/lib/node_modules/express']
72 error   errno: 3,
72 error   code: 'EACCES',
72 error   path: '/usr/lib/node_modules/express',
72 error   fstream_type: 'Directory',
72 error   fstream_path: '/usr/lib/node_modules/express',
72 error   fstream_class: 'DirWriter',
72 error   fstream_stack:
72 error    [ '/usr/lib/node_modules/npm/node_modules/fstream/lib/dir-writer.js:36:23',
72 error      '/usr/lib/node_modules/npm/node_modules/mkdirp/index.js:46:53',
72 error      'Object.oncomplete (fs.js:108:15)' ] }
73 error Please try running this command again as root/Administrator.
74 error System Linux 3.13.0-77-generic
75 error command "/usr/bin/node" "/usr/bin/npm" "install" "-g" "express"
76 error cwd /home/hunter_lin/Car-Info
77 error node -v v0.10.42
78 error npm -v 1.4.29
79 error path /usr/lib/node_modules/express
80 error fstream_path /usr/lib/node_modules/express
81 error fstream_type Directory
82 error fstream_class DirWriter
83 error code EACCES
84 error errno 3
85 error stack Error: EACCES, mkdir '/usr/lib/node_modules/express'
86 error fstream_stack /usr/lib/node_modules/npm/node_modules/fstream/lib/dir-writer.js:36:23
86 error fstream_stack /usr/lib/node_modules/npm/node_modules/mkdirp/index.js:46:53
86 error fstream_stack Object.oncomplete (fs.js:108:15)
87 verbose exit [ 3, true ]
